<?xml version="1.0" encoding="UTF-8"?>
<Site BuildName="(empty)"
	BuildStamp="20240106-1743-Experimental"
	Name="(empty)"
	Generator="ctest-3.28.1"
	CompilerName=""
	CompilerVersion=""
	OSName="Linux"
	Hostname="BIM-GPU"
	OSRelease="5.15.0-87-generic"
	OSVersion="#97~20.04.1-Ubuntu SMP Thu Oct 5 08:25:28 UTC 2023"
	OSPlatform="x86_64"
	Is64Bits="1"
	VendorString="GenuineIntel"
	VendorID="Intel Corporation"
	FamilyID="6"
	ModelID="79"
	ProcessorCacheSize="35840"
	NumberOfLogicalCPU="56"
	NumberOfPhysicalCPU="28"
	TotalVirtualMemory="2047"
	TotalPhysicalMemory="1031760"
	LogicalProcessorsPerPhysical="2"
	ProcessorClockFrequency="1200"
	>
	<Testing>
		<StartDateTime>Jan 07 01:43 CST</StartDateTime>
		<StartTestTime>1704563008</StartTestTime>
		<TestList/>
		<EndDateTime>Jan 07 01:43 CST</EndDateTime>
		<EndTestTime>1704563008</EndTestTime>
		<ElapsedMinutes>0</ElapsedMinutes>
	</Testing>
</Site>
